2018-10-18 01:09:45 INFO  Car - Speed:   0.0; Angle:   EAST; Position:   1,1; Key:     []; Health: 100.0; Tile: START
2018-10-18 01:09:45 INFO  Car - Speed:   1.0; Angle:   EAST; Position:   2,1; Key:     []; Health: 100.0; Tile: ROAD
2018-10-18 01:09:45 INFO  Car - Speed:   1.0; Angle:   EAST; Position:   3,1; Key:     []; Health: 100.0; Tile: ROAD
2018-10-18 01:09:45 INFO  Car - Speed:   1.0; Angle:   EAST; Position:   4,1; Key:     []; Health: 100.0; Tile: ROAD
2018-10-18 01:09:45 INFO  Car - Speed:   1.0; Angle:   EAST; Position:   5,1; Key:     []; Health: 100.0; Tile: ROAD
2018-10-18 01:09:45 INFO  Car - Speed:   1.0; Angle:   EAST; Position:   6,1; Key:     []; Health: 100.0; Tile: ROAD
2018-10-18 01:09:45 INFO  Car - Speed:   1.0; Angle:   EAST; Position:   7,1; Key:     []; Health: 100.0; Tile: ROAD
2018-10-18 01:09:45 INFO  Car - Speed:   1.0; Angle:   EAST; Position:   8,1; Key:     []; Health: 100.0; Tile: ROAD
2018-10-18 01:09:45 INFO  Car - Speed:   1.0; Angle:   EAST; Position:   9,1; Key:     []; Health: 100.0; Tile: ROAD
2018-10-18 01:09:45 INFO  Car - Speed:   1.0; Angle:   EAST; Position:  10,1; Key:     []; Health: 100.0; Tile: ROAD
2018-10-18 01:09:45 INFO  Car - Speed:   1.0; Angle:   EAST; Position:  11,1; Key:     []; Health: 100.0; Tile: ROAD
2018-10-18 01:09:45 INFO  Car - Speed:   1.0; Angle:   EAST; Position:  12,1; Key:     []; Health: 100.0; Tile: ROAD
2018-10-18 01:09:45 INFO  Car - Speed:   1.0; Angle:   EAST; Position:  13,1; Key:     []; Health: 100.0; Tile: ROAD
2018-10-18 01:09:45 INFO  Car - Speed:   1.0; Angle:   EAST; Position:  14,1; Key:     []; Health: 100.0; Tile: ROAD
2018-10-18 01:09:45 INFO  Car - Speed:   1.0; Angle:   EAST; Position:  15,1; Key:     []; Health: 100.0; Tile: ROAD
2018-10-18 01:09:46 INFO  Car - Speed:   1.0; Angle:   EAST; Position:  16,1; Key:     []; Health: 100.0; Tile: ROAD
2018-10-18 01:09:46 INFO  Car - Speed:   1.0; Angle:   EAST; Position:  17,1; Key:     []; Health: 100.0; Tile: ROAD
2018-10-18 01:09:46 INFO  Car - Speed:   1.0; Angle:   EAST; Position:  18,1; Key:     []; Health: 100.0; Tile: ROAD
2018-10-18 01:09:46 INFO  Car - Speed:   1.0; Angle:   EAST; Position:  19,1; Key:     []; Health: 100.0; Tile: ROAD
2018-10-18 01:09:46 INFO  Car - Speed:   1.0; Angle:   EAST; Position:  20,1; Key:     []; Health: 100.0; Tile: ROAD
2018-10-18 01:09:46 INFO  Car - Speed:   1.0; Angle:   EAST; Position:  21,1; Key:     []; Health: 100.0; Tile: ROAD
2018-10-18 01:09:46 INFO  Car - Speed:   1.0; Angle:   EAST; Position:  22,1; Key:     []; Health: 100.0; Tile: TRAP(grass)
2018-10-18 01:09:46 INFO  Car - Speed:   1.0; Angle:   EAST; Position:  23,1; Key:     []; Health: 100.0; Tile: TRAP(grass)
2018-10-18 01:09:46 INFO  Car - Speed:   1.0; Angle:   EAST; Position:  24,1; Key:     []; Health: 100.0; Tile: ROAD
2018-10-18 01:09:46 INFO  Car - Speed:   1.0; Angle:   EAST; Position:  25,1; Key:     []; Health: 100.0; Tile: ROAD
2018-10-18 01:09:46 INFO  Car - Speed:   1.0; Angle:   EAST; Position:  26,1; Key:     []; Health: 100.0; Tile: ROAD
2018-10-18 01:09:46 INFO  Car - Speed:   1.0; Angle:  NORTH; Position:  26,2; Key:     []; Health: 100.0; Tile: ROAD
2018-10-18 01:09:46 INFO  Car - Speed:   1.0; Angle:  NORTH; Position:  26,3; Key:     []; Health: 100.0; Tile: ROAD
2018-10-18 01:09:46 INFO  Car - Speed:   1.0; Angle:  NORTH; Position:  26,4; Key:     []; Health: 100.0; Tile: ROAD
2018-10-18 01:09:46 INFO  Car - Speed:   1.0; Angle:  NORTH; Position:  26,5; Key:     []; Health: 100.0; Tile: ROAD
2018-10-18 01:09:46 INFO  Car - Speed:   1.0; Angle:  NORTH; Position:  26,6; Key:     []; Health: 100.0; Tile: ROAD
2018-10-18 01:09:46 INFO  Car - Speed:   1.0; Angle:   WEST; Position:  25,6; Key:     []; Health: 100.0; Tile: ROAD
2018-10-18 01:09:47 INFO  Car - Speed:   1.0; Angle:  NORTH; Position:  25,7; Key:     []; Health: 100.0; Tile: ROAD
2018-10-18 01:09:47 INFO  Car - Speed:   1.0; Angle:   WEST; Position:  24,7; Key:     []; Health: 100.0; Tile: ROAD
2018-10-18 01:09:47 INFO  Car - Speed:   1.0; Angle:   WEST; Position:  23,7; Key:     []; Health: 100.0; Tile: ROAD
2018-10-18 01:09:47 INFO  Car - Speed:   1.0; Angle:   WEST; Position:  22,7; Key:     []; Health: 100.0; Tile: ROAD
2018-10-18 01:09:47 INFO  Car - Speed:   1.0; Angle:   WEST; Position:  21,7; Key:     []; Health: 100.0; Tile: ROAD
2018-10-18 01:09:47 INFO  Car - Speed:   1.0; Angle:  NORTH; Position:  21,8; Key:     []; Health: 100.0; Tile: ROAD
2018-10-18 01:09:47 INFO  Car - Speed:   1.0; Angle:  NORTH; Position:  21,9; Key:     []; Health: 100.0; Tile: ROAD
2018-10-18 01:09:47 INFO  Car - Speed:   1.0; Angle:  NORTH; Position: 21,10; Key:     []; Health: 100.0; Tile: ROAD
2018-10-18 01:09:47 INFO  Car - Speed:   1.0; Angle:  NORTH; Position: 21,11; Key:     []; Health: 100.0; Tile: ROAD
2018-10-18 01:09:47 INFO  Car - Speed:   1.0; Angle:  NORTH; Position: 21,12; Key:     []; Health: 100.0; Tile: ROAD
2018-10-18 01:09:47 INFO  Car - Speed:   1.0; Angle:   WEST; Position: 20,12; Key:     []; Health: 100.0; Tile: ROAD
2018-10-18 01:09:47 INFO  Car - Speed:   1.0; Angle:   WEST; Position: 19,12; Key:     []; Health: 100.0; Tile: ROAD
2018-10-18 01:09:47 INFO  Car - Speed:   1.0; Angle:   WEST; Position: 18,12; Key:     []; Health: 100.0; Tile: ROAD
2018-10-18 01:09:47 INFO  Car - Speed:   1.0; Angle:   WEST; Position: 17,12; Key:     []; Health: 100.0; Tile: ROAD
2018-10-18 01:09:47 INFO  Car - Speed:   1.0; Angle:   WEST; Position: 16,12; Key:     []; Health: 100.0; Tile: ROAD
2018-10-18 01:09:47 INFO  Car - Speed:   1.0; Angle:   WEST; Position: 15,12; Key:     []; Health: 100.0; Tile: ROAD
2018-10-18 01:09:48 INFO  Car - Speed:   1.0; Angle:   WEST; Position: 14,12; Key:     []; Health: 100.0; Tile: ROAD
2018-10-18 01:09:48 INFO  Car - Speed:   1.0; Angle:   WEST; Position: 13,12; Key:     []; Health: 100.0; Tile: ROAD
2018-10-18 01:09:48 INFO  Car - Speed:   1.0; Angle:   WEST; Position: 12,12; Key:     []; Health: 100.0; Tile: ROAD
2018-10-18 01:09:48 INFO  Car - Speed:   1.0; Angle:   WEST; Position: 11,12; Key:     []; Health: 100.0; Tile: ROAD
2018-10-18 01:09:48 INFO  Car - Speed:   1.0; Angle:   WEST; Position: 10,12; Key:     []; Health: 100.0; Tile: ROAD
2018-10-18 01:09:48 INFO  Car - Speed:   1.0; Angle:   WEST; Position:  9,12; Key:     []; Health: 100.0; Tile: ROAD
2018-10-18 01:09:48 INFO  Car - Speed:   1.0; Angle:   WEST; Position:  8,12; Key:     []; Health: 100.0; Tile: ROAD
2018-10-18 01:09:48 INFO  Car - Speed:   1.0; Angle:   WEST; Position:  7,12; Key:     []; Health: 100.0; Tile: ROAD
2018-10-18 01:09:48 INFO  Car - Speed:   1.0; Angle:   WEST; Position:  6,12; Key:     []; Health: 100.0; Tile: ROAD
2018-10-18 01:09:48 INFO  Car - Speed:   1.0; Angle:   WEST; Position:  5,12; Key:     []; Health: 100.0; Tile: ROAD
2018-10-18 01:09:48 INFO  Car - Speed:   1.0; Angle:   WEST; Position:  4,12; Key:     []; Health: 100.0; Tile: ROAD
2018-10-18 01:09:48 INFO  Car - Speed:   1.0; Angle:   WEST; Position:  3,12; Key:     []; Health: 100.0; Tile: ROAD
2018-10-18 01:09:48 INFO  Car - Speed:   1.0; Angle:   WEST; Position:  2,12; Key:     []; Health: 100.0; Tile: ROAD
2018-10-18 01:09:48 INFO  Car - Speed:   1.0; Angle:   WEST; Position:  1,12; Key:     []; Health: 100.0; Tile: ROAD
2018-10-18 01:09:48 INFO  Car - Speed:   1.0; Angle:  SOUTH; Position:  1,11; Key:     []; Health: 100.0; Tile: ROAD
2018-10-18 01:09:48 INFO  Car - Speed:   1.0; Angle:  SOUTH; Position:  1,10; Key:     []; Health: 100.0; Tile: TRAP(grass)
2018-10-18 01:09:49 INFO  Car - Speed:   1.0; Angle:  SOUTH; Position:   1,9; Key:     []; Health: 100.0; Tile: TRAP(grass)
2018-10-18 01:09:49 INFO  Car - Speed:   1.0; Angle:  SOUTH; Position:   1,8; Key:     []; Health: 100.0; Tile: TRAP(grass)
2018-10-18 01:09:49 INFO  Car - Speed:   1.0; Angle:  SOUTH; Position:   1,7; Key:     []; Health: 100.0; Tile: ROAD
2018-10-18 01:09:49 INFO  Car - Speed:   1.0; Angle:   EAST; Position:   2,7; Key:     []; Health: 100.0; Tile: ROAD
2018-10-18 01:09:49 INFO  Car - Speed:   1.0; Angle:   EAST; Position:   3,7; Key:     []; Health: 100.0; Tile: ROAD
2018-10-18 01:09:49 INFO  Car - Speed:   1.0; Angle:  NORTH; Position:   3,8; Key:     []; Health: 100.0; Tile: ROAD
2018-10-18 01:09:49 INFO  Car - Speed:   1.0; Angle:  NORTH; Position:   3,9; Key:     []; Health: 100.0; Tile: ROAD
2018-10-18 01:09:49 INFO  Car - Speed:   1.0; Angle:  NORTH; Position:  3,10; Key:     []; Health: 100.0; Tile: TRAP(grass)
2018-10-18 01:09:49 INFO  Car - Speed:   1.0; Angle:  NORTH; Position:  3,11; Key:     []; Health: 100.0; Tile: ROAD
2018-10-18 01:09:49 INFO  Car - Speed:   1.0; Angle:  NORTH; Position:  3,12; Key:     []; Health: 100.0; Tile: ROAD
2018-10-18 01:09:49 INFO  Car - Speed:   1.0; Angle:  NORTH; Position:  3,13; Key:     []; Health: 100.0; Tile: ROAD
2018-10-18 01:09:49 INFO  Car - Speed:   1.0; Angle:  NORTH; Position:  3,14; Key:     []; Health: 100.0; Tile: ROAD
2018-10-18 01:09:49 INFO  Car - Speed:   1.0; Angle:  NORTH; Position:  3,15; Key:     []; Health: 100.0; Tile: ROAD
2018-10-18 01:09:49 INFO  Car - Speed:   1.0; Angle:  NORTH; Position:  3,16; Key:     []; Health: 100.0; Tile: ROAD
2018-10-18 01:09:49 INFO  Car - Speed:   1.0; Angle:  NORTH; Position:  3,17; Key:     []; Health: 100.0; Tile: ROAD
2018-10-18 01:09:49 INFO  Car - Speed:   1.0; Angle:  NORTH; Position:  3,18; Key:     []; Health: 100.0; Tile: ROAD
2018-10-18 01:09:50 INFO  Car - Speed:   1.0; Angle:  NORTH; Position:  3,19; Key:     []; Health: 100.0; Tile: ROAD
2018-10-18 01:09:50 INFO  Car - Speed:   1.0; Angle:  NORTH; Position:  3,20; Key:     []; Health: 100.0; Tile: ROAD
2018-10-18 01:09:50 INFO  Car - Speed:   1.0; Angle:  NORTH; Position:  3,21; Key:     []; Health: 100.0; Tile: ROAD
2018-10-18 01:09:50 INFO  Car - Speed:   1.0; Angle:  NORTH; Position:  3,22; Key:     []; Health: 100.0; Tile: ROAD
2018-10-18 01:09:50 INFO  Car - Speed:   1.0; Angle:  NORTH; Position:  3,23; Key:     []; Health: 100.0; Tile: ROAD
2018-10-18 01:09:50 INFO  Car - Speed:   1.0; Angle:  NORTH; Position:  3,24; Key:     []; Health: 100.0; Tile: ROAD
2018-10-18 01:09:50 INFO  Car - Speed:   1.0; Angle:  NORTH; Position:  3,25; Key:     []; Health: 100.0; Tile: ROAD
2018-10-18 01:09:50 INFO  Car - Speed:   1.0; Angle:  NORTH; Position:  3,26; Key:     []; Health: 100.0; Tile: ROAD
2018-10-18 01:09:50 INFO  Car - Speed:   1.0; Angle:  NORTH; Position:  3,27; Key:     []; Health: 100.0; Tile: ROAD
2018-10-18 01:09:50 INFO  Car - Speed:   1.0; Angle:  NORTH; Position:  3,28; Key:     []; Health: 100.0; Tile: ROAD
2018-10-18 01:09:50 INFO  Car - Speed:   1.0; Angle:  NORTH; Position:  3,29; Key:     []; Health: 100.0; Tile: ROAD
2018-10-18 01:09:50 INFO  Car - Speed:   1.0; Angle:  NORTH; Position:  3,30; Key:     []; Health: 100.0; Tile: ROAD
2018-10-18 01:09:50 INFO  Car - Speed:   1.0; Angle:  NORTH; Position:  3,31; Key:     []; Health: 100.0; Tile: ROAD
2018-10-18 01:09:50 INFO  Car - Speed:   1.0; Angle:  NORTH; Position:  3,32; Key:     []; Health: 100.0; Tile: ROAD
2018-10-18 01:09:50 INFO  Car - Speed:   1.0; Angle:   EAST; Position:  4,32; Key:     []; Health: 100.0; Tile: ROAD
2018-10-18 01:09:50 INFO  Car - Speed:   1.0; Angle:   EAST; Position:  5,32; Key:     []; Health: 100.0; Tile: ROAD
2018-10-18 01:09:51 INFO  Car - Speed:   1.0; Angle:   EAST; Position:  6,32; Key:     []; Health: 100.0; Tile: ROAD
2018-10-18 01:09:51 INFO  Car - Speed:   1.0; Angle:   EAST; Position:  7,32; Key:     []; Health: 100.0; Tile: ROAD
2018-10-18 01:09:51 INFO  Car - Speed:   1.0; Angle:   EAST; Position:  8,32; Key:     []; Health: 100.0; Tile: ROAD
2018-10-18 01:09:51 INFO  Car - Speed:   1.0; Angle:   EAST; Position:  9,32; Key:     []; Health: 100.0; Tile: ROAD
2018-10-18 01:09:51 INFO  Car - Speed:   1.0; Angle:   EAST; Position: 10,32; Key:     []; Health: 100.0; Tile: ROAD
2018-10-18 01:09:51 INFO  Car - Speed:   1.0; Angle:   EAST; Position: 11,32; Key:     []; Health: 100.0; Tile: ROAD
2018-10-18 01:09:51 INFO  Car - Speed:   1.0; Angle:   EAST; Position: 12,32; Key:     []; Health: 100.0; Tile: ROAD
2018-10-18 01:09:51 INFO  Car - Speed:   1.0; Angle:   EAST; Position: 13,32; Key:     []; Health: 100.0; Tile: ROAD
2018-10-18 01:09:51 INFO  Car - Speed:   1.0; Angle:   EAST; Position: 14,32; Key:     []; Health: 100.0; Tile: ROAD
2018-10-18 01:09:51 INFO  Car - Speed:   1.0; Angle:   EAST; Position: 15,32; Key:     []; Health: 100.0; Tile: ROAD
2018-10-18 01:09:51 INFO  Car - Speed:   1.0; Angle:   EAST; Position: 16,32; Key:     []; Health: 100.0; Tile: ROAD
2018-10-18 01:09:51 INFO  Car - Speed:   1.0; Angle:   EAST; Position: 17,32; Key:     []; Health: 100.0; Tile: ROAD
2018-10-18 01:09:51 INFO  Car - Speed:   1.0; Angle:   EAST; Position: 18,32; Key:     []; Health: 100.0; Tile: ROAD
2018-10-18 01:09:51 INFO  Car - Speed:   1.0; Angle:  SOUTH; Position: 18,31; Key:     []; Health: 100.0; Tile: ROAD
2018-10-18 01:09:51 INFO  Car - Speed:   1.0; Angle:  SOUTH; Position: 18,30; Key:     []; Health: 100.0; Tile: ROAD
2018-10-18 01:09:51 INFO  Car - Speed:   1.0; Angle:  SOUTH; Position: 18,29; Key:     []; Health: 100.0; Tile: ROAD
2018-10-18 01:09:52 INFO  Car - Speed:   1.0; Angle:  SOUTH; Position: 18,28; Key:     []; Health: 100.0; Tile: ROAD
2018-10-18 01:09:52 INFO  Car - Speed:   1.0; Angle:  SOUTH; Position: 18,27; Key:     []; Health: 100.0; Tile: ROAD
2018-10-18 01:09:52 INFO  Car - Speed:   1.0; Angle:  SOUTH; Position: 18,26; Key:     []; Health: 100.0; Tile: ROAD
2018-10-18 01:09:52 INFO  Car - Speed:   1.0; Angle:  SOUTH; Position: 18,25; Key:     []; Health: 100.0; Tile: ROAD
2018-10-18 01:09:52 INFO  Car - Speed:   1.0; Angle:  SOUTH; Position: 18,24; Key:     []; Health: 100.0; Tile: ROAD
2018-10-18 01:09:52 INFO  Car - Speed:   1.0; Angle:  SOUTH; Position: 18,23; Key:     []; Health: 100.0; Tile: ROAD
2018-10-18 01:09:52 INFO  Car - Speed:   1.0; Angle:  SOUTH; Position: 18,22; Key:     []; Health: 100.0; Tile: ROAD
2018-10-18 01:09:52 INFO  Car - Speed:   1.0; Angle:   EAST; Position: 19,22; Key:     []; Health: 100.0; Tile: ROAD
2018-10-18 01:09:52 INFO  Car - Speed:   1.0; Angle:   EAST; Position: 20,22; Key:     []; Health: 100.0; Tile: ROAD
2018-10-18 01:09:52 INFO  Car - Speed:   1.0; Angle:   EAST; Position: 21,22; Key:     []; Health: 100.0; Tile: ROAD
2018-10-18 01:09:52 INFO  Car - Speed:   1.0; Angle:  SOUTH; Position: 21,21; Key:     []; Health: 100.0; Tile: ROAD
2018-10-18 01:09:52 INFO  Car - Speed:   1.0; Angle:  SOUTH; Position: 21,20; Key:     []; Health: 100.0; Tile: ROAD
2018-10-18 01:09:52 INFO  Car - Speed:   1.0; Angle:   EAST; Position: 22,20; Key:     []; Health: 100.0; Tile: ROAD
2018-10-18 01:09:52 INFO  Car - Speed:   1.0; Angle:   EAST; Position: 23,20; Key:     []; Health:  95.0; Tile: TRAP(lava)
2018-10-18 01:09:52 INFO  Car - Speed:   1.0; Angle:   EAST; Position: 24,20; Key:     []; Health:  90.0; Tile: TRAP(lava)
2018-10-18 01:09:52 INFO  Car - Speed:   1.0; Angle:   EAST; Position: 25,20; Key:    [1]; Health:  85.0; Tile: TRAP(lava)
2018-10-18 01:09:53 INFO  Car - Speed:   1.0; Angle:   EAST; Position: 26,20; Key:    [1]; Health:  85.0; Tile: ROAD
2018-10-18 01:09:53 INFO  Car - Speed:   1.0; Angle:   EAST; Position: 27,20; Key:    [1]; Health:  85.0; Tile: ROAD
2018-10-18 01:09:53 INFO  Car - Speed:   1.0; Angle:   EAST; Position: 28,20; Key:    [1]; Health:  85.0; Tile: ROAD
2018-10-18 01:09:53 INFO  Car - Speed:   1.0; Angle:   EAST; Position: 29,20; Key:    [1]; Health:  85.0; Tile: ROAD
2018-10-18 01:09:53 INFO  Car - Speed:   1.0; Angle:   EAST; Position: 30,20; Key:    [1]; Health:  85.0; Tile: ROAD
2018-10-18 01:09:53 INFO  Car - Speed:   1.0; Angle:   EAST; Position: 31,20; Key:    [1]; Health:  85.0; Tile: ROAD
2018-10-18 01:09:53 INFO  Car - Speed:   1.0; Angle:   EAST; Position: 32,20; Key:    [1]; Health:  85.0; Tile: ROAD
2018-10-18 01:09:53 INFO  Car - Speed:   1.0; Angle:   EAST; Position: 33,20; Key:    [1]; Health:  85.0; Tile: ROAD
2018-10-18 01:09:53 INFO  Car - Speed:   1.0; Angle:   EAST; Position: 34,20; Key:    [1]; Health:  85.0; Tile: ROAD
2018-10-18 01:09:53 INFO  Car - Speed:   1.0; Angle:   EAST; Position: 35,20; Key:    [1]; Health:  85.0; Tile: ROAD
2018-10-18 01:09:53 INFO  Car - Speed:   1.0; Angle:   EAST; Position: 36,20; Key:    [1]; Health:  85.0; Tile: ROAD
2018-10-18 01:09:53 INFO  Car - Speed:   1.0; Angle:   EAST; Position: 37,20; Key:    [1]; Health:  85.0; Tile: ROAD
2018-10-18 01:09:53 INFO  Car - Speed:   1.0; Angle:   EAST; Position: 38,20; Key:    [1]; Health:  85.0; Tile: ROAD
2018-10-18 01:09:53 INFO  Car - Speed:   1.0; Angle:   EAST; Position: 39,20; Key:    [1]; Health:  85.0; Tile: ROAD
2018-10-18 01:09:53 INFO  Car - Speed:   1.0; Angle:   EAST; Position: 40,20; Key:    [1]; Health:  85.0; Tile: ROAD
2018-10-18 01:09:53 INFO  Car - Speed:   1.0; Angle:   EAST; Position: 41,20; Key:    [1]; Health:  85.0; Tile: ROAD
2018-10-18 01:09:54 INFO  Car - Speed:   1.0; Angle:   EAST; Position: 42,20; Key:    [1]; Health:  85.0; Tile: ROAD
2018-10-18 01:09:54 INFO  Car - Speed:   1.0; Angle:   EAST; Position: 43,20; Key:    [1]; Health:  85.0; Tile: ROAD
2018-10-18 01:09:54 INFO  Car - Speed:   1.0; Angle:   EAST; Position: 44,20; Key:    [1]; Health:  85.0; Tile: ROAD
2018-10-18 01:09:54 INFO  Car - Speed:   1.0; Angle:   EAST; Position: 45,20; Key:    [1]; Health:  85.0; Tile: ROAD
2018-10-18 01:09:54 INFO  Car - Speed:   1.0; Angle:   EAST; Position: 46,20; Key:    [1]; Health:  85.0; Tile: ROAD
2018-10-18 01:09:54 INFO  Car - Speed:   1.0; Angle:   EAST; Position: 47,20; Key:    [1]; Health:  85.0; Tile: ROAD
2018-10-18 01:09:54 INFO  Car - Speed:   1.0; Angle:   EAST; Position: 48,20; Key:    [1]; Health:  85.0; Tile: ROAD
2018-10-18 01:09:54 INFO  Car - Speed:   1.0; Angle:  NORTH; Position: 48,21; Key:    [1]; Health:  85.0; Tile: ROAD
2018-10-18 01:09:54 INFO  Car - Speed:   1.0; Angle:  NORTH; Position: 48,22; Key:    [1]; Health:  85.0; Tile: ROAD
2018-10-18 01:09:54 INFO  Car - Speed:   1.0; Angle:  NORTH; Position: 48,23; Key:    [1]; Health:  85.0; Tile: ROAD
2018-10-18 01:09:54 INFO  Car - Speed:   1.0; Angle:  NORTH; Position: 48,24; Key:    [1]; Health:  85.0; Tile: ROAD
2018-10-18 01:09:54 INFO  Car - Speed:   1.0; Angle:  NORTH; Position: 48,25; Key:    [1]; Health:  85.0; Tile: ROAD
2018-10-18 01:09:54 INFO  Car - Speed:   1.0; Angle:   WEST; Position: 47,25; Key:    [1]; Health:  85.0; Tile: ROAD
2018-10-18 01:09:54 INFO  Car - Speed:   1.0; Angle:   WEST; Position: 46,25; Key:    [1]; Health:  85.0; Tile: ROAD
2018-10-18 01:09:54 INFO  Car - Speed:   1.0; Angle:   WEST; Position: 45,25; Key:    [1]; Health:  85.0; Tile: ROAD
2018-10-18 01:09:54 INFO  Car - Speed:   1.0; Angle:   WEST; Position: 44,25; Key:    [1]; Health:  85.0; Tile: ROAD
2018-10-18 01:09:55 INFO  Car - Speed:   1.0; Angle:   WEST; Position: 43,25; Key:    [1]; Health:  85.0; Tile: ROAD
2018-10-18 01:09:55 INFO  Car - Speed:   1.0; Angle:   WEST; Position: 42,25; Key:    [1]; Health:  85.0; Tile: ROAD
2018-10-18 01:09:55 INFO  Car - Speed:   1.0; Angle:   WEST; Position: 41,25; Key:    [1]; Health:  85.0; Tile: ROAD
2018-10-18 01:09:55 INFO  Car - Speed:   1.0; Angle:   WEST; Position: 40,25; Key:    [1]; Health:  85.0; Tile: ROAD
2018-10-18 01:09:55 INFO  Car - Speed:   1.0; Angle:   WEST; Position: 39,25; Key:    [1]; Health:  85.0; Tile: ROAD
2018-10-18 01:09:55 INFO  Car - Speed:   1.0; Angle:   WEST; Position: 38,25; Key:    [1]; Health:  86.3; Tile: TRAP(health)
2018-10-18 01:09:55 INFO  Car - Speed:   1.0; Angle:  NORTH; Position: 38,26; Key:    [1]; Health:  87.5; Tile: TRAP(health)
2018-10-18 01:09:55 INFO  Car - Speed:   1.0; Angle:   EAST; Position: 39,26; Key:    [1]; Health:  87.5; Tile: ROAD
2018-10-18 01:09:55 INFO  Car - Speed:   1.0; Angle:   EAST; Position: 40,26; Key:    [1]; Health:  87.5; Tile: ROAD
2018-10-18 01:09:55 INFO  Car - Speed:   1.0; Angle:   EAST; Position: 41,26; Key:    [1]; Health:  87.5; Tile: ROAD
2018-10-18 01:09:55 INFO  Car - Speed:   1.0; Angle:   EAST; Position: 42,26; Key:    [1]; Health:  87.5; Tile: ROAD
2018-10-18 01:09:55 INFO  Car - Speed:   1.0; Angle:   EAST; Position: 43,26; Key:    [1]; Health:  87.5; Tile: ROAD
2018-10-18 01:09:55 INFO  Car - Speed:   1.0; Angle:   EAST; Position: 44,26; Key:    [1]; Health:  87.5; Tile: ROAD
2018-10-18 01:09:55 INFO  Car - Speed:   1.0; Angle:   EAST; Position: 45,26; Key:    [1]; Health:  87.5; Tile: ROAD
2018-10-18 01:09:55 INFO  Car - Speed:   1.0; Angle:   EAST; Position: 46,26; Key:    [1]; Health:  87.5; Tile: ROAD
2018-10-18 01:09:55 INFO  Car - Speed:   1.0; Angle:  NORTH; Position: 46,27; Key:    [1]; Health:  87.5; Tile: ROAD
2018-10-18 01:09:56 INFO  Car - Speed:   1.0; Angle:  NORTH; Position: 46,28; Key:    [1]; Health:  87.5; Tile: ROAD
2018-10-18 01:09:56 INFO  Car - Speed:   1.0; Angle:  NORTH; Position: 46,29; Key:    [1]; Health:  87.5; Tile: ROAD
2018-10-18 01:09:56 INFO  Car - Speed:   1.0; Angle:  NORTH; Position: 46,30; Key:    [1]; Health:  87.5; Tile: ROAD
2018-10-18 01:09:56 INFO  Car - Speed:   1.0; Angle:  NORTH; Position: 46,31; Key:    [1]; Health:  87.5; Tile: ROAD
2018-10-18 01:09:56 INFO  Car - Speed:   1.0; Angle:   WEST; Position: 45,31; Key:    [1]; Health:  87.5; Tile: ROAD
2018-10-18 01:09:56 INFO  Car - Speed:   1.0; Angle:   WEST; Position: 44,31; Key:    [1]; Health:  87.5; Tile: ROAD
2018-10-18 01:09:56 INFO  Car - Speed:   1.0; Angle:   WEST; Position: 43,31; Key:    [1]; Health:  87.5; Tile: ROAD
2018-10-18 01:09:56 INFO  Car - Speed:   1.0; Angle:   WEST; Position: 42,31; Key:    [1]; Health:  87.5; Tile: ROAD
2018-10-18 01:09:56 INFO  Car - Speed:   1.0; Angle:   WEST; Position: 41,31; Key:    [1]; Health:  87.5; Tile: ROAD
2018-10-18 01:09:56 INFO  Car - Speed:   1.0; Angle:   WEST; Position: 40,31; Key:    [1]; Health:  87.5; Tile: ROAD
2018-10-18 01:09:56 INFO  Car - Speed:   1.0; Angle:   WEST; Position: 39,31; Key:    [1]; Health:  87.5; Tile: ROAD
2018-10-18 01:09:56 INFO  Car - Speed:   1.0; Angle:   WEST; Position: 38,31; Key:    [1]; Health:  87.5; Tile: ROAD
2018-10-18 01:09:56 INFO  Car - Speed:   1.0; Angle:   WEST; Position: 37,31; Key:    [1]; Health:  87.5; Tile: ROAD
2018-10-18 01:09:56 INFO  Car - Speed:   1.0; Angle:   WEST; Position: 36,31; Key:    [1]; Health:  87.5; Tile: ROAD
2018-10-18 01:09:56 INFO  Car - Speed:   1.0; Angle:   WEST; Position: 35,31; Key:    [1]; Health:  87.5; Tile: ROAD
2018-10-18 01:09:56 INFO  Car - Speed:   1.0; Angle:   WEST; Position: 34,31; Key:    [1]; Health:  87.5; Tile: ROAD
2018-10-18 01:09:57 INFO  Car - Speed:   1.0; Angle:   WEST; Position: 33,31; Key:    [1]; Health:  87.5; Tile: ROAD
2018-10-18 01:09:57 INFO  Car - Speed:   1.0; Angle:   WEST; Position: 32,31; Key:    [1]; Health:  87.5; Tile: ROAD
2018-10-18 01:09:57 INFO  Car - Speed:   1.0; Angle:   WEST; Position: 31,31; Key:    [1]; Health:  87.5; Tile: ROAD
2018-10-18 01:09:57 INFO  Car - Speed:   1.0; Angle:   WEST; Position: 30,31; Key:    [1]; Health:  87.5; Tile: ROAD
2018-10-18 01:09:57 INFO  Car - Speed:   1.0; Angle:   WEST; Position: 29,31; Key:    [1]; Health:  87.5; Tile: ROAD
2018-10-18 01:09:57 INFO  Car - Speed:   1.0; Angle:   WEST; Position: 28,31; Key:    [1]; Health:  87.5; Tile: ROAD
2018-10-18 01:09:57 INFO  Car - Speed:   1.0; Angle:   WEST; Position: 27,31; Key:    [1]; Health:  87.5; Tile: ROAD
2018-10-18 01:09:57 INFO  Car - Speed:   1.0; Angle:   WEST; Position: 26,31; Key:    [1]; Health:  87.5; Tile: ROAD
2018-10-18 01:09:57 INFO  Car - Speed:   1.0; Angle:   WEST; Position: 25,31; Key:    [1]; Health:  87.5; Tile: ROAD
2018-10-18 01:09:57 INFO  Car - Speed:   1.0; Angle:   WEST; Position: 24,31; Key:    [1]; Health:  87.5; Tile: ROAD
2018-10-18 01:09:57 INFO  Car - Speed:   1.0; Angle:   WEST; Position: 23,31; Key:    [1]; Health:  87.5; Tile: ROAD
2018-10-18 01:09:57 INFO  Car - Speed:   0.0; Angle:   WEST; Position: 23,31; Key:    [1]; Health:  82.5; Tile: ROAD
2018-10-18 01:09:57 INFO  Car - Speed:   0.0; Angle:   WEST; Position: 23,31; Key:    [1]; Health:  77.5; Tile: ROAD
2018-10-18 01:09:57 INFO  Car - Speed:   0.0; Angle:   WEST; Position: 23,31; Key:    [1]; Health:  72.5; Tile: ROAD
2018-10-18 01:09:57 INFO  Car - Speed:   0.0; Angle:   WEST; Position: 23,31; Key:    [1]; Health:  67.5; Tile: ROAD
2018-10-18 01:09:57 INFO  Car - Speed:   0.0; Angle:   WEST; Position: 23,31; Key:    [1]; Health:  62.5; Tile: ROAD
2018-10-18 01:09:58 INFO  Car - Speed:   0.0; Angle:   WEST; Position: 23,31; Key:    [1]; Health:  57.5; Tile: ROAD
2018-10-18 01:09:58 INFO  Car - Speed:   0.0; Angle:   WEST; Position: 23,31; Key:    [1]; Health:  52.5; Tile: ROAD
2018-10-18 01:09:58 INFO  Car - Speed:   0.0; Angle:   WEST; Position: 23,31; Key:    [1]; Health:  47.5; Tile: ROAD
2018-10-18 01:09:58 INFO  Car - Speed:   0.0; Angle:   WEST; Position: 23,31; Key:    [1]; Health:  42.5; Tile: ROAD
2018-10-18 01:09:58 INFO  Car - Speed:   0.0; Angle:   WEST; Position: 23,31; Key:    [1]; Health:  37.5; Tile: ROAD
2018-10-18 01:09:58 INFO  Car - Speed:   0.0; Angle:   WEST; Position: 23,31; Key:    [1]; Health:  32.5; Tile: ROAD
2018-10-18 01:09:58 INFO  Car - Speed:   0.0; Angle:   WEST; Position: 23,31; Key:    [1]; Health:  27.5; Tile: ROAD
2018-10-18 01:09:58 INFO  Car - Speed:   0.0; Angle:   WEST; Position: 23,31; Key:    [1]; Health:  22.5; Tile: ROAD
2018-10-18 01:09:58 INFO  Car - Speed:   0.0; Angle:   WEST; Position: 23,31; Key:    [1]; Health:  17.5; Tile: ROAD
2018-10-18 01:09:58 INFO  Car - Speed:   0.0; Angle:   WEST; Position: 23,31; Key:    [1]; Health:  12.5; Tile: ROAD
2018-10-18 01:09:58 INFO  Car - Speed:   0.0; Angle:   WEST; Position: 23,31; Key:    [1]; Health:   7.5; Tile: ROAD
2018-10-18 01:09:58 INFO  Car - Speed:   0.0; Angle:   WEST; Position: 23,31; Key:    [1]; Health:   2.5; Tile: ROAD
2018-10-18 01:09:58 INFO  Car - Speed:   0.0; Angle:   WEST; Position: 23,31; Key:    [1]; Health:  -2.5; Tile: ROAD
